0 info it worked if it ends with ok
1 verbose cli [ 'node', '/usr/local/bin/npm', 'install', '@linclark/pkg' ]
2 info using npm@3.4.0
3 info using node@v0.12.2
4 verbose node symlink /usr/local/bin/node
5 silly loadCurrentTree Starting
6 silly install loadCurrentTree
7 silly install readLocalPackageData
8 silly fetchPackageMetaData @linclark/pkg@^1.0.2
9 silly fetchNamedPackageData @linclark/pkg
10 silly mapToRegistry name @linclark/pkg
11 silly mapToRegistry scope (from package name) @linclark
12 verbose mapToRegistry no registry URL found in name for scope @linclark
13 silly mapToRegistry using default registry
14 silly mapToRegistry registry http://localhost:15443/
15 silly mapToRegistry uri http://localhost:15443/@linclark%2fpkg
16 verbose request uri http://localhost:15443/@linclark%2fpkg
17 verbose request no auth needed
18 info attempt registry request try #1 at 02:16:13
19 verbose request id e05dc4aaa8350fe7
20 http request GET http://localhost:15443/@linclark%2fpkg
21 info retry will retry, error on last attempt: Error: connect ECONNREFUSED
22 info attempt registry request try #2 at 02:16:24
23 http request GET http://localhost:15443/@linclark%2fpkg
24 info retry will retry, error on last attempt: Error: connect ECONNREFUSED
25 info attempt registry request try #3 at 02:17:24
26 http request GET http://localhost:15443/@linclark%2fpkg
27 silly get cb [ 304, undefined ]
28 silly fetchPackageMetaData Error: failed to fetch from registry: http://localhost:15443/@linclark%2fpkg
28 silly fetchPackageMetaData     at /usr/local/lib/node_modules/npm/lib/cache/caching-client.js:158:27
28 silly fetchPackageMetaData     at /usr/local/lib/node_modules/npm/lib/cache/caching-client.js:53:8
28 silly fetchPackageMetaData     at f (/usr/local/lib/node_modules/npm/node_modules/once/once.js:17:25)
28 silly fetchPackageMetaData     at /usr/local/lib/node_modules/npm/node_modules/npm-registry-client/lib/request.js:89:10
28 silly fetchPackageMetaData     at f (/usr/local/lib/node_modules/npm/node_modules/once/once.js:17:25)
28 silly fetchPackageMetaData     at CachingRegistryClient.<anonymous> (/usr/local/lib/node_modules/npm/node_modules/npm-registry-client/lib/request.js:186:20)
28 silly fetchPackageMetaData     at Request._callback (/usr/local/lib/node_modules/npm/node_modules/npm-registry-client/lib/request.js:163:20)
28 silly fetchPackageMetaData     at self.callback (/usr/local/lib/node_modules/npm/node_modules/request/request.js:198:22)
28 silly fetchPackageMetaData     at Request.emit (events.js:129:20)
28 silly fetchPackageMetaData     at Request.onRequestError (/usr/local/lib/node_modules/npm/node_modules/request/request.js:867:8)
28 silly fetchPackageMetaData  error for @linclark/pkg@^1.0.2 [Error: failed to fetch from registry: http://localhost:15443/@linclark%2fpkg]
29 silly rollbackFailedOptional Starting
30 silly rollbackFailedOptional Finishing
31 silly runTopLevelLifecycles Starting
32 silly runTopLevelLifecycles Finishing
33 silly install printInstalled
34 verbose stack Error: failed to fetch from registry: http://localhost:15443/@linclark%2fpkg
34 verbose stack     at /usr/local/lib/node_modules/npm/lib/cache/caching-client.js:158:27
34 verbose stack     at /usr/local/lib/node_modules/npm/lib/cache/caching-client.js:53:8
34 verbose stack     at f (/usr/local/lib/node_modules/npm/node_modules/once/once.js:17:25)
34 verbose stack     at /usr/local/lib/node_modules/npm/node_modules/npm-registry-client/lib/request.js:89:10
34 verbose stack     at f (/usr/local/lib/node_modules/npm/node_modules/once/once.js:17:25)
34 verbose stack     at CachingRegistryClient.<anonymous> (/usr/local/lib/node_modules/npm/node_modules/npm-registry-client/lib/request.js:186:20)
34 verbose stack     at Request._callback (/usr/local/lib/node_modules/npm/node_modules/npm-registry-client/lib/request.js:163:20)
34 verbose stack     at self.callback (/usr/local/lib/node_modules/npm/node_modules/request/request.js:198:22)
34 verbose stack     at Request.emit (events.js:129:20)
34 verbose stack     at Request.onRequestError (/usr/local/lib/node_modules/npm/node_modules/request/request.js:867:8)
35 verbose cwd /Users/tomo/Documents/git/github/learn/nodeschool/how-to-npm
36 error Darwin 13.4.0
37 error argv "node" "/usr/local/bin/npm" "install" "@linclark/pkg"
38 error node v0.12.2
39 error npm  v3.4.0
40 error failed to fetch from registry: http://localhost:15443/@linclark%2fpkg
41 error If you need help, you may report this error at:
41 error     <https://github.com/npm/npm/issues>
42 verbose exit [ 1, true ]
